[debug] [2024-04-17T00:18:40.312Z] ----------------------------------------------------------------------
[debug] [2024-04-17T00:18:40.314Z] Command:       /Users/jud.lee/.local/share/mise/installs/node/20.12.1/bin/node /usr/local/bin/firebase deploy --only functions
[debug] [2024-04-17T00:18:40.314Z] CLI Version:   13.2.0
[debug] [2024-04-17T00:18:40.314Z] Platform:      darwin
[debug] [2024-04-17T00:18:40.315Z] Node Version:  v20.12.1
[debug] [2024-04-17T00:18:40.315Z] Time:          Wed Apr 17 2024 09:18:40 GMT+0900 (대한민국 표준시)
[debug] [2024-04-17T00:18:40.315Z] ----------------------------------------------------------------------
[debug] 
[debug] [2024-04-17T00:18:40.351Z] > command requires scopes: ["email","openid","https://www.googleapis.com/auth/cloudplatformprojects.readonly","https://www.googleapis.com/auth/firebase","https://www.googleapis.com/auth/cloud-platform"]
[debug] [2024-04-17T00:18:40.352Z] > authorizing via signed-in user (pureye4u@gmail.com)
[debug] [2024-04-17T00:18:40.352Z] [iam] checking project rollro for permissions ["cloudfunctions.functions.create","cloudfunctions.functions.delete","cloudfunctions.functions.get","cloudfunctions.functions.list","cloudfunctions.functions.update","cloudfunctions.operations.get","firebase.projects.get"]
[debug] [2024-04-17T00:18:40.353Z] >>> [apiv2][query] POST https://cloudresourcemanager.googleapis.com/v1/projects/rollro:testIamPermissions [none]
[debug] [2024-04-17T00:18:40.353Z] >>> [apiv2][(partial)header] POST https://cloudresourcemanager.googleapis.com/v1/projects/rollro:testIamPermissions x-goog-quota-user=projects/rollro
[debug] [2024-04-17T00:18:40.353Z] >>> [apiv2][body] POST https://cloudresourcemanager.googleapis.com/v1/projects/rollro:testIamPermissions {"permissions":["cloudfunctions.functions.create","cloudfunctions.functions.delete","cloudfunctions.functions.get","cloudfunctions.functions.list","cloudfunctions.functions.update","cloudfunctions.operations.get","firebase.projects.get"]}
[debug] [2024-04-17T00:18:41.175Z] <<< [apiv2][status] POST https://cloudresourcemanager.googleapis.com/v1/projects/rollro:testIamPermissions 200
[debug] [2024-04-17T00:18:41.176Z] <<< [apiv2][body] POST https://cloudresourcemanager.googleapis.com/v1/projects/rollro:testIamPermissions {"permissions":["cloudfunctions.functions.create","cloudfunctions.functions.delete","cloudfunctions.functions.get","cloudfunctions.functions.list","cloudfunctions.functions.update","cloudfunctions.operations.get","firebase.projects.get"]}
[debug] [2024-04-17T00:18:41.176Z] >>> [apiv2][query] POST https://iam.googleapis.com/v1/projects/rollro/serviceAccounts/rollro@appspot.gserviceaccount.com:testIamPermissions [none]
[debug] [2024-04-17T00:18:41.177Z] >>> [apiv2][body] POST https://iam.googleapis.com/v1/projects/rollro/serviceAccounts/rollro@appspot.gserviceaccount.com:testIamPermissions {"permissions":["iam.serviceAccounts.actAs"]}
[debug] [2024-04-17T00:18:42.264Z] <<< [apiv2][status] POST https://iam.googleapis.com/v1/projects/rollro/serviceAccounts/rollro@appspot.gserviceaccount.com:testIamPermissions 200
[debug] [2024-04-17T00:18:42.264Z] <<< [apiv2][body] POST https://iam.googleapis.com/v1/projects/rollro/serviceAccounts/rollro@appspot.gserviceaccount.com:testIamPermissions {"permissions":["iam.serviceAccounts.actAs"]}
[info] 
[info] === Deploying to 'rollro'...
[info] 
[info] i  deploying functions 
[info] Running command: npm --prefix "$RESOURCE_DIR" run lint
[info] Running command: npm --prefix "$RESOURCE_DIR" run build
[info] ✔  functions: Finished running predeploy script. 
[debug] [2024-04-17T00:18:47.244Z] >>> [apiv2][query] GET https://firebase.googleapis.com/v1beta1/projects/rollro [none]
[debug] [2024-04-17T00:18:47.663Z] <<< [apiv2][status] GET https://firebase.googleapis.com/v1beta1/projects/rollro 200
[debug] [2024-04-17T00:18:47.664Z] <<< [apiv2][body] GET https://firebase.googleapis.com/v1beta1/projects/rollro {"projectId":"rollro","projectNumber":"516928937153","displayName":"rollro","name":"projects/rollro","resources":{"hostingSite":"rollro"},"state":"ACTIVE","etag":"1_74aef346-6f9a-473f-9852-e99042677ba7"}
[info] i  functions: preparing codebase default for deployment 
[info] i  functions: ensuring required API cloudfunctions.googleapis.com is enabled... 
[info] i  functions: ensuring required API cloudbuild.googleapis.com is enabled... 
[info] i  artifactregistry: ensuring required API artifactregistry.googleapis.com is enabled... 
[debug] [2024-04-17T00:18:47.666Z] >>> [apiv2][query] GET https://serviceusage.googleapis.com/v1/projects/rollro/services/cloudfunctions.googleapis.com [none]
[debug] [2024-04-17T00:18:47.666Z] >>> [apiv2][(partial)header] GET https://serviceusage.googleapis.com/v1/projects/rollro/services/cloudfunctions.googleapis.com x-goog-quota-user=projects/rollro
[debug] [2024-04-17T00:18:47.668Z] >>> [apiv2][query] GET https://serviceusage.googleapis.com/v1/projects/rollro/services/runtimeconfig.googleapis.com [none]
[debug] [2024-04-17T00:18:47.668Z] >>> [apiv2][(partial)header] GET https://serviceusage.googleapis.com/v1/projects/rollro/services/runtimeconfig.googleapis.com x-goog-quota-user=projects/rollro
[debug] [2024-04-17T00:18:47.669Z] >>> [apiv2][query] GET https://serviceusage.googleapis.com/v1/projects/rollro/services/cloudbuild.googleapis.com [none]
[debug] [2024-04-17T00:18:47.669Z] >>> [apiv2][(partial)header] GET https://serviceusage.googleapis.com/v1/projects/rollro/services/cloudbuild.googleapis.com x-goog-quota-user=projects/rollro
[debug] [2024-04-17T00:18:47.670Z] >>> [apiv2][query] GET https://serviceusage.googleapis.com/v1/projects/rollro/services/artifactregistry.googleapis.com [none]
[debug] [2024-04-17T00:18:47.670Z] >>> [apiv2][(partial)header] GET https://serviceusage.googleapis.com/v1/projects/rollro/services/artifactregistry.googleapis.com x-goog-quota-user=projects/rollro
[debug] [2024-04-17T00:18:48.911Z] <<< [apiv2][status] GET https://serviceusage.googleapis.com/v1/projects/rollro/services/runtimeconfig.googleapis.com 200
[debug] [2024-04-17T00:18:48.912Z] <<< [apiv2][body] GET https://serviceusage.googleapis.com/v1/projects/rollro/services/runtimeconfig.googleapis.com [omitted]
[debug] [2024-04-17T00:18:48.914Z] <<< [apiv2][status] GET https://serviceusage.googleapis.com/v1/projects/rollro/services/cloudfunctions.googleapis.com 200
[debug] [2024-04-17T00:18:48.915Z] <<< [apiv2][body] GET https://serviceusage.googleapis.com/v1/projects/rollro/services/cloudfunctions.googleapis.com [omitted]
[info] ✔  functions: required API cloudfunctions.googleapis.com is enabled 
[debug] [2024-04-17T00:18:48.940Z] <<< [apiv2][status] GET https://serviceusage.googleapis.com/v1/projects/rollro/services/cloudbuild.googleapis.com 200
[debug] [2024-04-17T00:18:48.940Z] <<< [apiv2][body] GET https://serviceusage.googleapis.com/v1/projects/rollro/services/cloudbuild.googleapis.com [omitted]
[warn] ⚠  functions: missing required API cloudbuild.googleapis.com. Enabling now... 
[debug] [2024-04-17T00:18:48.940Z] >>> [apiv2][query] POST https://serviceusage.googleapis.com/v1/projects/rollro/services/cloudbuild.googleapis.com:enable [none]
[debug] [2024-04-17T00:18:48.940Z] >>> [apiv2][(partial)header] POST https://serviceusage.googleapis.com/v1/projects/rollro/services/cloudbuild.googleapis.com:enable x-goog-quota-user=projects/rollro
[debug] [2024-04-17T00:18:48.963Z] <<< [apiv2][status] GET https://serviceusage.googleapis.com/v1/projects/rollro/services/artifactregistry.googleapis.com 200
[debug] [2024-04-17T00:18:48.964Z] <<< [apiv2][body] GET https://serviceusage.googleapis.com/v1/projects/rollro/services/artifactregistry.googleapis.com [omitted]
[warn] ⚠  artifactregistry: missing required API artifactregistry.googleapis.com. Enabling now... 
[debug] [2024-04-17T00:18:48.964Z] >>> [apiv2][query] POST https://serviceusage.googleapis.com/v1/projects/rollro/services/artifactregistry.googleapis.com:enable [none]
[debug] [2024-04-17T00:18:48.964Z] >>> [apiv2][(partial)header] POST https://serviceusage.googleapis.com/v1/projects/rollro/services/artifactregistry.googleapis.com:enable x-goog-quota-user=projects/rollro
[debug] [2024-04-17T00:18:49.728Z] <<< [apiv2][status] POST https://serviceusage.googleapis.com/v1/projects/rollro/services/cloudbuild.googleapis.com:enable 200
[debug] [2024-04-17T00:18:49.729Z] <<< [apiv2][body] POST https://serviceusage.googleapis.com/v1/projects/rollro/services/cloudbuild.googleapis.com:enable [omitted]
[debug] [2024-04-17T00:18:49.838Z] <<< [apiv2][status] POST https://serviceusage.googleapis.com/v1/projects/rollro/services/artifactregistry.googleapis.com:enable 200
[debug] [2024-04-17T00:18:49.838Z] <<< [apiv2][body] POST https://serviceusage.googleapis.com/v1/projects/rollro/services/artifactregistry.googleapis.com:enable [omitted]
[debug] [2024-04-17T00:18:59.731Z] >>> [apiv2][query] GET https://serviceusage.googleapis.com/v1/projects/rollro/services/cloudbuild.googleapis.com [none]
[debug] [2024-04-17T00:18:59.732Z] >>> [apiv2][(partial)header] GET https://serviceusage.googleapis.com/v1/projects/rollro/services/cloudbuild.googleapis.com x-goog-quota-user=projects/rollro
[debug] [2024-04-17T00:18:59.839Z] >>> [apiv2][query] GET https://serviceusage.googleapis.com/v1/projects/rollro/services/artifactregistry.googleapis.com [none]
[debug] [2024-04-17T00:18:59.839Z] >>> [apiv2][(partial)header] GET https://serviceusage.googleapis.com/v1/projects/rollro/services/artifactregistry.googleapis.com x-goog-quota-user=projects/rollro
[debug] [2024-04-17T00:19:00.226Z] <<< [apiv2][status] GET https://serviceusage.googleapis.com/v1/projects/rollro/services/cloudbuild.googleapis.com 200
[debug] [2024-04-17T00:19:00.226Z] <<< [apiv2][body] GET https://serviceusage.googleapis.com/v1/projects/rollro/services/cloudbuild.googleapis.com [omitted]
[info] ✔  functions: required API cloudbuild.googleapis.com is enabled 
[debug] [2024-04-17T00:19:01.074Z] <<< [apiv2][status] GET https://serviceusage.googleapis.com/v1/projects/rollro/services/artifactregistry.googleapis.com 200
[debug] [2024-04-17T00:19:01.074Z] <<< [apiv2][body] GET https://serviceusage.googleapis.com/v1/projects/rollro/services/artifactregistry.googleapis.com [omitted]
[info] ✔  artifactregistry: required API artifactregistry.googleapis.com is enabled 
[debug] [2024-04-17T00:19:01.078Z] >>> [apiv2][query] GET https://firebase.googleapis.com/v1beta1/projects/rollro/adminSdkConfig [none]
[debug] [2024-04-17T00:19:01.540Z] <<< [apiv2][status] GET https://firebase.googleapis.com/v1beta1/projects/rollro/adminSdkConfig 200
[debug] [2024-04-17T00:19:01.541Z] <<< [apiv2][body] GET https://firebase.googleapis.com/v1beta1/projects/rollro/adminSdkConfig {"projectId":"rollro","storageBucket":"rollro.appspot.com"}
[debug] [2024-04-17T00:19:01.541Z] >>> [apiv2][query] GET https://runtimeconfig.googleapis.com/v1beta1/projects/rollro/configs [none]
[debug] [2024-04-17T00:19:02.137Z] <<< [apiv2][status] GET https://runtimeconfig.googleapis.com/v1beta1/projects/rollro/configs 200
[debug] [2024-04-17T00:19:02.137Z] <<< [apiv2][body] GET https://runtimeconfig.googleapis.com/v1beta1/projects/rollro/configs {}
[debug] [2024-04-17T00:19:02.138Z] Validating nodejs source
[debug] [2024-04-17T00:19:02.458Z] > [functions] package.json contents: {
  "name": "functions",
  "scripts": {
    "lint": "eslint --ext .js,.ts .",
    "build": "tsc",
    "build:watch": "tsc --watch",
    "serve": "npm run build && firebase emulators:start --only functions",
    "shell": "npm run build && firebase functions:shell",
    "start": "npm run shell",
    "deploy": "firebase deploy --only functions",
    "logs": "firebase functions:log"
  },
  "engines": {
    "node": "18"
  },
  "main": "lib/index.js",
  "dependencies": {
    "firebase-admin": "^11.8.0",
    "firebase-functions": "^4.3.1"
  },
  "devDependencies": {
    "@types/axios": "^0.14.0",
    "@typescript-eslint/eslint-plugin": "^5.12.0",
    "@typescript-eslint/parser": "^5.12.0",
    "eslint": "^8.9.0",
    "eslint-config-google": "^0.14.0",
    "eslint-plugin-import": "^2.25.4",
    "firebase-functions-test": "^3.1.0",
    "typescript": "^4.9.0"
  },
  "private": true
}
[debug] [2024-04-17T00:19:02.458Z] Building nodejs source
[info] i  functions: Loading and analyzing source code for codebase default to determine what to deploy 
[debug] [2024-04-17T00:19:02.458Z] Could not find functions.yaml. Must use http discovery
[debug] [2024-04-17T00:19:02.462Z] Found firebase-functions binary at '/Users/jud.lee/Dev/github.com/pureye4u/rollro/functions/node_modules/.bin/firebase-functions'
[info] Serving at port 8553

[debug] [2024-04-17T00:19:02.717Z] Got response from /__/functions.yaml {"endpoints":{"mapDirection15":{"platform":"gcfv1","availableMemoryMb":null,"timeoutSeconds":null,"minInstances":null,"maxInstances":null,"ingressSettings":null,"serviceAccountEmail":null,"vpc":null,"region":["asia-northeast3"],"httpsTrigger":{},"entryPoint":"mapDirection15"}},"specVersion":"v1alpha1","requiredAPIs":[]}
[info] i  functions: preparing functions directory for uploading... 
[info] i  functions: packaged /Users/jud.lee/Dev/github.com/pureye4u/rollro/functions (91.44 KB) for uploading 
[debug] [2024-04-17T00:19:07.771Z] >>> [apiv2][query] GET https://cloudfunctions.googleapis.com/v1/projects/rollro/locations/-/functions [none]
[debug] [2024-04-17T00:19:08.461Z] <<< [apiv2][status] GET https://cloudfunctions.googleapis.com/v1/projects/rollro/locations/-/functions 200
[debug] [2024-04-17T00:19:08.461Z] <<< [apiv2][body] GET https://cloudfunctions.googleapis.com/v1/projects/rollro/locations/-/functions {}
[debug] [2024-04-17T00:19:08.461Z] >>> [apiv2][query] GET https://cloudfunctions.googleapis.com/v2/projects/rollro/locations/-/functions filter=environment%3D%22GEN_2%22
[debug] [2024-04-17T00:19:09.806Z] <<< [apiv2][status] GET https://cloudfunctions.googleapis.com/v2/projects/rollro/locations/-/functions 200
[debug] [2024-04-17T00:19:09.807Z] <<< [apiv2][body] GET https://cloudfunctions.googleapis.com/v2/projects/rollro/locations/-/functions {}
[debug] [2024-04-17T00:19:09.813Z] >>> [apiv2][query] GET https://firebase.googleapis.com/v1beta1/projects/rollro [none]
[debug] [2024-04-17T00:19:10.252Z] <<< [apiv2][status] GET https://firebase.googleapis.com/v1beta1/projects/rollro 200
[debug] [2024-04-17T00:19:10.252Z] <<< [apiv2][body] GET https://firebase.googleapis.com/v1beta1/projects/rollro {"projectId":"rollro","projectNumber":"516928937153","displayName":"rollro","name":"projects/rollro","resources":{"hostingSite":"rollro"},"state":"ACTIVE","etag":"1_74aef346-6f9a-473f-9852-e99042677ba7"}
[debug] [2024-04-17T00:19:10.255Z] [functions] found 1 new HTTP functions, testing setIamPolicy permission...
[debug] [2024-04-17T00:19:10.256Z] >>> [apiv2][query] POST https://cloudresourcemanager.googleapis.com/v1/projects/rollro:testIamPermissions [none]
[debug] [2024-04-17T00:19:10.256Z] >>> [apiv2][(partial)header] POST https://cloudresourcemanager.googleapis.com/v1/projects/rollro:testIamPermissions x-goog-quota-user=projects/rollro
[debug] [2024-04-17T00:19:10.256Z] >>> [apiv2][body] POST https://cloudresourcemanager.googleapis.com/v1/projects/rollro:testIamPermissions {"permissions":["cloudfunctions.functions.setIamPolicy"]}
[debug] [2024-04-17T00:19:11.084Z] <<< [apiv2][status] POST https://cloudresourcemanager.googleapis.com/v1/projects/rollro:testIamPermissions 200
[debug] [2024-04-17T00:19:11.084Z] <<< [apiv2][body] POST https://cloudresourcemanager.googleapis.com/v1/projects/rollro:testIamPermissions {"permissions":["cloudfunctions.functions.setIamPolicy"]}
[debug] [2024-04-17T00:19:11.084Z] [functions] found setIamPolicy permission, proceeding with deploy
[debug] [2024-04-17T00:19:11.086Z] >>> [apiv2][query] POST https://cloudfunctions.googleapis.com/v1/projects/rollro/locations/asia-northeast3/functions:generateUploadUrl [none]
[debug] [2024-04-17T00:19:11.086Z] >>> [apiv2][body] POST https://cloudfunctions.googleapis.com/v1/projects/rollro/locations/asia-northeast3/functions:generateUploadUrl {}
[debug] [2024-04-17T00:19:37.698Z] <<< [apiv2][status] POST https://cloudfunctions.googleapis.com/v1/projects/rollro/locations/asia-northeast3/functions:generateUploadUrl 200
[debug] [2024-04-17T00:19:37.698Z] <<< [apiv2][body] POST https://cloudfunctions.googleapis.com/v1/projects/rollro/locations/asia-northeast3/functions:generateUploadUrl {"uploadUrl":"https://storage.googleapis.com/uploads-1081448050733.asia-northeast3.cloudfunctions.appspot.com/a6da090e-3dda-4d15-a1c8-bfd10c601160.zip?GoogleAccessId=service-516928937153@gcf-admin-robot.iam.gserviceaccount.com&Expires=1713314977&Signature=YxfalCuwiQD3dlVOELAUFJPrPg7yGeSdtaomXxNWpAiyTzr9HFUgPWkAGh9GTBgCNksaWnLCxV0%2Bma9njinvzj%2BotoTWD9XMT%2F%2Bc2wMh50Rffm48vYrFT1aK0I3MhTmXEqzTj7pTMJHpi6HRNwigDsj2f%2FQBoYs2GBEM2XkoPAKrGFhY8y6qg%2BnzDzHVp%2FPu1OwbP5MuxhEKH7a%2BCKMIQ7K3Hnrl%2B43Ojq3Yb%2FwNQiNqosSJRNOev4ApCmHjpNiS6BemrtMnFEpSOi2rIID%2BwTujFpWp%2FXqSUs47h%2FFl%2FcVHgHp4sjz%2B%2BBkaURLmzdrlSIuqdKw9zaFdqcXd0cyxYg%3D%3D"}
[debug] [2024-04-17T00:19:37.700Z] >>> [apiv2][query] PUT https://storage.googleapis.com/uploads-1081448050733.asia-northeast3.cloudfunctions.appspot.com/a6da090e-3dda-4d15-a1c8-bfd10c601160.zip GoogleAccessId=service-516928937153%40gcf-admin-robot.iam.gserviceaccount.com&Expires=1713314977&Signature=YxfalCuwiQD3dlVOELAUFJPrPg7yGeSdtaomXxNWpAiyTzr9HFUgPWkAGh9GTBgCNksaWnLCxV0%2Bma9njinvzj%2BotoTWD9XMT%2F%2Bc2wMh50Rffm48vYrFT1aK0I3MhTmXEqzTj7pTMJHpi6HRNwigDsj2f%2FQBoYs2GBEM2XkoPAKrGFhY8y6qg%2BnzDzHVp%2FPu1OwbP5MuxhEKH7a%2BCKMIQ7K3Hnrl%2B43Ojq3Yb%2FwNQiNqosSJRNOev4ApCmHjpNiS6BemrtMnFEpSOi2rIID%2BwTujFpWp%2FXqSUs47h%2FFl%2FcVHgHp4sjz%2B%2BBkaURLmzdrlSIuqdKw9zaFdqcXd0cyxYg%3D%3D
[debug] [2024-04-17T00:19:37.700Z] >>> [apiv2][body] PUT https://storage.googleapis.com/uploads-1081448050733.asia-northeast3.cloudfunctions.appspot.com/a6da090e-3dda-4d15-a1c8-bfd10c601160.zip [stream]
[debug] [2024-04-17T00:19:38.039Z] <<< [apiv2][status] PUT https://storage.googleapis.com/uploads-1081448050733.asia-northeast3.cloudfunctions.appspot.com/a6da090e-3dda-4d15-a1c8-bfd10c601160.zip 200
[debug] [2024-04-17T00:19:38.039Z] <<< [apiv2][body] PUT https://storage.googleapis.com/uploads-1081448050733.asia-northeast3.cloudfunctions.appspot.com/a6da090e-3dda-4d15-a1c8-bfd10c601160.zip [omitted]
[info] ✔  functions: functions folder uploaded successfully 
[info] i  functions: creating Node.js 18 (1st Gen) function mapDirection15(asia-northeast3)... 
[debug] [2024-04-17T00:19:38.045Z] >>> [apiv2][query] POST https://cloudfunctions.googleapis.com/v1/projects/rollro/locations/asia-northeast3/functions [none]
[debug] [2024-04-17T00:19:38.045Z] >>> [apiv2][body] POST https://cloudfunctions.googleapis.com/v1/projects/rollro/locations/asia-northeast3/functions {"name":"projects/rollro/locations/asia-northeast3/functions/mapDirection15","sourceUploadUrl":"https://storage.googleapis.com/uploads-1081448050733.asia-northeast3.cloudfunctions.appspot.com/a6da090e-3dda-4d15-a1c8-bfd10c601160.zip?GoogleAccessId=service-516928937153@gcf-admin-robot.iam.gserviceaccount.com&Expires=1713314977&Signature=YxfalCuwiQD3dlVOELAUFJPrPg7yGeSdtaomXxNWpAiyTzr9HFUgPWkAGh9GTBgCNksaWnLCxV0%2Bma9njinvzj%2BotoTWD9XMT%2F%2Bc2wMh50Rffm48vYrFT1aK0I3MhTmXEqzTj7pTMJHpi6HRNwigDsj2f%2FQBoYs2GBEM2XkoPAKrGFhY8y6qg%2BnzDzHVp%2FPu1OwbP5MuxhEKH7a%2BCKMIQ7K3Hnrl%2B43Ojq3Yb%2FwNQiNqosSJRNOev4ApCmHjpNiS6BemrtMnFEpSOi2rIID%2BwTujFpWp%2FXqSUs47h%2FFl%2FcVHgHp4sjz%2B%2BBkaURLmzdrlSIuqdKw9zaFdqcXd0cyxYg%3D%3D","entryPoint":"mapDirection15","runtime":"nodejs18","dockerRegistry":"ARTIFACT_REGISTRY","labels":{"deployment-tool":"cli-firebase","firebase-functions-hash":"6c9c37f512e4cc0f18192334db225215392a2ae2"},"httpsTrigger":{"securityLevel":"SECURE_ALWAYS"},"minInstances":null,"maxInstances":null,"ingressSettings":null,"environmentVariables":{"FIREBASE_CONFIG":"{\"projectId\":\"rollro\",\"storageBucket\":\"rollro.appspot.com\"}","GCLOUD_PROJECT":"rollro","EVENTARC_CLOUD_EVENT_SOURCE":"projects/rollro/locations/asia-northeast3/functions/mapDirection15"},"serviceAccountEmail":null,"availableMemoryMb":null,"timeout":null,"vpcConnector":null,"vpcConnectorEgressSettings":null,"buildEnvironmentVariables":{"GOOGLE_NODE_RUN_SCRIPTS":""}}
[debug] [2024-04-17T00:19:39.055Z] <<< [apiv2][status] POST https://cloudfunctions.googleapis.com/v1/projects/rollro/locations/asia-northeast3/functions 200
[debug] [2024-04-17T00:19:39.056Z] <<< [apiv2][body] POST https://cloudfunctions.googleapis.com/v1/projects/rollro/locations/asia-northeast3/functions {"name":"operations/cm9sbHJvL2FzaWEtbm9ydGhlYXN0My9tYXBEaXJlY3Rpb24xNS9lQW1xS0V2V01wYw","metadata":{"@type":"type.googleapis.com/google.cloud.functions.v1.OperationMetadataV1","target":"projects/rollro/locations/asia-northeast3/functions/mapDirection15","type":"CREATE_FUNCTION","request":{"@type":"type.googleapis.com/google.cloud.functions.v1.CloudFunction","name":"projects/rollro/locations/asia-northeast3/functions/mapDirection15","httpsTrigger":{"securityLevel":"SECURE_ALWAYS"},"entryPoint":"mapDirection15","labels":{"deployment-tool":"cli-firebase","firebase-functions-hash":"6c9c37f512e4cc0f18192334db225215392a2ae2"},"sourceUploadUrl":"https://storage.googleapis.com/uploads-1081448050733.asia-northeast3.cloudfunctions.appspot.com/a6da090e-3dda-4d15-a1c8-bfd10c601160.zip?GoogleAccessId=service-516928937153@gcf-admin-robot.iam.gserviceaccount.com&Expires=1713314977&Signature=YxfalCuwiQD3dlVOELAUFJPrPg7yGeSdtaomXxNWpAiyTzr9HFUgPWkAGh9GTBgCNksaWnLCxV0%2Bma9njinvzj%2BotoTWD9XMT%2F%2Bc2wMh50Rffm48vYrFT1aK0I3MhTmXEqzTj7pTMJHpi6HRNwigDsj2f%2FQBoYs2GBEM2XkoPAKrGFhY8y6qg%2BnzDzHVp%2FPu1OwbP5MuxhEKH7a%2BCKMIQ7K3Hnrl%2B43Ojq3Yb%2FwNQiNqosSJRNOev4ApCmHjpNiS6BemrtMnFEpSOi2rIID%2BwTujFpWp%2FXqSUs47h%2FFl%2FcVHgHp4sjz%2B%2BBkaURLmzdrlSIuqdKw9zaFdqcXd0cyxYg%3D%3D","environmentVariables":{"FIREBASE_CONFIG":"{\"projectId\":\"rollro\",\"storageBucket\":\"rollro.appspot.com\"}","GCLOUD_PROJECT":"rollro","EVENTARC_CLOUD_EVENT_SOURCE":"projects/rollro/locations/asia-northeast3/functions/mapDirection15"},"runtime":"nodejs18","buildEnvironmentVariables":{"GOOGLE_NODE_RUN_SCRIPTS":""},"dockerRegistry":"ARTIFACT_REGISTRY"},"versionId":"1","updateTime":"2024-04-17T00:19:38Z"}}
[debug] [2024-04-17T00:19:39.059Z] >>> [apiv2][query] GET https://cloudfunctions.googleapis.com/v1/operations/cm9sbHJvL2FzaWEtbm9ydGhlYXN0My9tYXBEaXJlY3Rpb24xNS9lQW1xS0V2V01wYw [none]
[debug] [2024-04-17T00:19:39.544Z] <<< [apiv2][status] GET https://cloudfunctions.googleapis.com/v1/operations/cm9sbHJvL2FzaWEtbm9ydGhlYXN0My9tYXBEaXJlY3Rpb24xNS9lQW1xS0V2V01wYw 200
[debug] [2024-04-17T00:19:39.544Z] <<< [apiv2][body] GET https://cloudfunctions.googleapis.com/v1/operations/cm9sbHJvL2FzaWEtbm9ydGhlYXN0My9tYXBEaXJlY3Rpb24xNS9lQW1xS0V2V01wYw {"name":"operations/cm9sbHJvL2FzaWEtbm9ydGhlYXN0My9tYXBEaXJlY3Rpb24xNS9lQW1xS0V2V01wYw","metadata":{"@type":"type.googleapis.com/google.cloud.functions.v1.OperationMetadataV1","target":"projects/rollro/locations/asia-northeast3/functions/mapDirection15","type":"CREATE_FUNCTION","request":{"@type":"type.googleapis.com/google.cloud.functions.v1.CloudFunction","name":"projects/rollro/locations/asia-northeast3/functions/mapDirection15","httpsTrigger":{"securityLevel":"SECURE_ALWAYS"},"entryPoint":"mapDirection15","labels":{"deployment-tool":"cli-firebase","firebase-functions-hash":"6c9c37f512e4cc0f18192334db225215392a2ae2"},"sourceUploadUrl":"https://storage.googleapis.com/uploads-1081448050733.asia-northeast3.cloudfunctions.appspot.com/a6da090e-3dda-4d15-a1c8-bfd10c601160.zip?GoogleAccessId=service-516928937153@gcf-admin-robot.iam.gserviceaccount.com&Expires=1713314977&Signature=YxfalCuwiQD3dlVOELAUFJPrPg7yGeSdtaomXxNWpAiyTzr9HFUgPWkAGh9GTBgCNksaWnLCxV0%2Bma9njinvzj%2BotoTWD9XMT%2F%2Bc2wMh50Rffm48vYrFT1aK0I3MhTmXEqzTj7pTMJHpi6HRNwigDsj2f%2FQBoYs2GBEM2XkoPAKrGFhY8y6qg%2BnzDzHVp%2FPu1OwbP5MuxhEKH7a%2BCKMIQ7K3Hnrl%2B43Ojq3Yb%2FwNQiNqosSJRNOev4ApCmHjpNiS6BemrtMnFEpSOi2rIID%2BwTujFpWp%2FXqSUs47h%2FFl%2FcVHgHp4sjz%2B%2BBkaURLmzdrlSIuqdKw9zaFdqcXd0cyxYg%3D%3D","environmentVariables":{"FIREBASE_CONFIG":"{\"projectId\":\"rollro\",\"storageBucket\":\"rollro.appspot.com\"}","GCLOUD_PROJECT":"rollro","EVENTARC_CLOUD_EVENT_SOURCE":"projects/rollro/locations/asia-northeast3/functions/mapDirection15"},"runtime":"nodejs18","buildEnvironmentVariables":{"GOOGLE_NODE_RUN_SCRIPTS":""},"dockerRegistry":"ARTIFACT_REGISTRY"},"versionId":"1","updateTime":"2024-04-17T00:19:38Z"}}
[debug] [2024-04-17T00:19:40.047Z] [create-default-asia-northeast3-mapDirection15] Retrying task index 0
[debug] [2024-04-17T00:19:40.048Z] >>> [apiv2][query] GET https://cloudfunctions.googleapis.com/v1/operations/cm9sbHJvL2FzaWEtbm9ydGhlYXN0My9tYXBEaXJlY3Rpb24xNS9lQW1xS0V2V01wYw [none]
[debug] [2024-04-17T00:19:40.589Z] <<< [apiv2][status] GET https://cloudfunctions.googleapis.com/v1/operations/cm9sbHJvL2FzaWEtbm9ydGhlYXN0My9tYXBEaXJlY3Rpb24xNS9lQW1xS0V2V01wYw 200
[debug] [2024-04-17T00:19:40.589Z] <<< [apiv2][body] GET https://cloudfunctions.googleapis.com/v1/operations/cm9sbHJvL2FzaWEtbm9ydGhlYXN0My9tYXBEaXJlY3Rpb24xNS9lQW1xS0V2V01wYw {"name":"operations/cm9sbHJvL2FzaWEtbm9ydGhlYXN0My9tYXBEaXJlY3Rpb24xNS9lQW1xS0V2V01wYw","metadata":{"@type":"type.googleapis.com/google.cloud.functions.v1.OperationMetadataV1","target":"projects/rollro/locations/asia-northeast3/functions/mapDirection15","type":"CREATE_FUNCTION","request":{"@type":"type.googleapis.com/google.cloud.functions.v1.CloudFunction","name":"projects/rollro/locations/asia-northeast3/functions/mapDirection15","httpsTrigger":{"securityLevel":"SECURE_ALWAYS"},"entryPoint":"mapDirection15","labels":{"deployment-tool":"cli-firebase","firebase-functions-hash":"6c9c37f512e4cc0f18192334db225215392a2ae2"},"sourceUploadUrl":"https://storage.googleapis.com/uploads-1081448050733.asia-northeast3.cloudfunctions.appspot.com/a6da090e-3dda-4d15-a1c8-bfd10c601160.zip?GoogleAccessId=service-516928937153@gcf-admin-robot.iam.gserviceaccount.com&Expires=1713314977&Signature=YxfalCuwiQD3dlVOELAUFJPrPg7yGeSdtaomXxNWpAiyTzr9HFUgPWkAGh9GTBgCNksaWnLCxV0%2Bma9njinvzj%2BotoTWD9XMT%2F%2Bc2wMh50Rffm48vYrFT1aK0I3MhTmXEqzTj7pTMJHpi6HRNwigDsj2f%2FQBoYs2GBEM2XkoPAKrGFhY8y6qg%2BnzDzHVp%2FPu1OwbP5MuxhEKH7a%2BCKMIQ7K3Hnrl%2B43Ojq3Yb%2FwNQiNqosSJRNOev4ApCmHjpNiS6BemrtMnFEpSOi2rIID%2BwTujFpWp%2FXqSUs47h%2FFl%2FcVHgHp4sjz%2B%2BBkaURLmzdrlSIuqdKw9zaFdqcXd0cyxYg%3D%3D","environmentVariables":{"FIREBASE_CONFIG":"{\"projectId\":\"rollro\",\"storageBucket\":\"rollro.appspot.com\"}","GCLOUD_PROJECT":"rollro","EVENTARC_CLOUD_EVENT_SOURCE":"projects/rollro/locations/asia-northeast3/functions/mapDirection15"},"runtime":"nodejs18","buildEnvironmentVariables":{"GOOGLE_NODE_RUN_SCRIPTS":""},"dockerRegistry":"ARTIFACT_REGISTRY"},"versionId":"1","updateTime":"2024-04-17T00:19:39Z"}}
[debug] [2024-04-17T00:19:41.590Z] [create-default-asia-northeast3-mapDirection15] Retrying task index 0
[debug] [2024-04-17T00:19:41.590Z] >>> [apiv2][query] GET https://cloudfunctions.googleapis.com/v1/operations/cm9sbHJvL2FzaWEtbm9ydGhlYXN0My9tYXBEaXJlY3Rpb24xNS9lQW1xS0V2V01wYw [none]
[debug] [2024-04-17T00:19:42.038Z] <<< [apiv2][status] GET https://cloudfunctions.googleapis.com/v1/operations/cm9sbHJvL2FzaWEtbm9ydGhlYXN0My9tYXBEaXJlY3Rpb24xNS9lQW1xS0V2V01wYw 200
[debug] [2024-04-17T00:19:42.039Z] <<< [apiv2][body] GET https://cloudfunctions.googleapis.com/v1/operations/cm9sbHJvL2FzaWEtbm9ydGhlYXN0My9tYXBEaXJlY3Rpb24xNS9lQW1xS0V2V01wYw {"name":"operations/cm9sbHJvL2FzaWEtbm9ydGhlYXN0My9tYXBEaXJlY3Rpb24xNS9lQW1xS0V2V01wYw","metadata":{"@type":"type.googleapis.com/google.cloud.functions.v1.OperationMetadataV1","target":"projects/rollro/locations/asia-northeast3/functions/mapDirection15","type":"CREATE_FUNCTION","request":{"@type":"type.googleapis.com/google.cloud.functions.v1.CloudFunction","name":"projects/rollro/locations/asia-northeast3/functions/mapDirection15","httpsTrigger":{"securityLevel":"SECURE_ALWAYS"},"entryPoint":"mapDirection15","labels":{"deployment-tool":"cli-firebase","firebase-functions-hash":"6c9c37f512e4cc0f18192334db225215392a2ae2"},"sourceUploadUrl":"https://storage.googleapis.com/uploads-1081448050733.asia-northeast3.cloudfunctions.appspot.com/a6da090e-3dda-4d15-a1c8-bfd10c601160.zip?GoogleAccessId=service-516928937153@gcf-admin-robot.iam.gserviceaccount.com&Expires=1713314977&Signature=YxfalCuwiQD3dlVOELAUFJPrPg7yGeSdtaomXxNWpAiyTzr9HFUgPWkAGh9GTBgCNksaWnLCxV0%2Bma9njinvzj%2BotoTWD9XMT%2F%2Bc2wMh50Rffm48vYrFT1aK0I3MhTmXEqzTj7pTMJHpi6HRNwigDsj2f%2FQBoYs2GBEM2XkoPAKrGFhY8y6qg%2BnzDzHVp%2FPu1OwbP5MuxhEKH7a%2BCKMIQ7K3Hnrl%2B43Ojq3Yb%2FwNQiNqosSJRNOev4ApCmHjpNiS6BemrtMnFEpSOi2rIID%2BwTujFpWp%2FXqSUs47h%2FFl%2FcVHgHp4sjz%2B%2BBkaURLmzdrlSIuqdKw9zaFdqcXd0cyxYg%3D%3D","environmentVariables":{"FIREBASE_CONFIG":"{\"projectId\":\"rollro\",\"storageBucket\":\"rollro.appspot.com\"}","GCLOUD_PROJECT":"rollro","EVENTARC_CLOUD_EVENT_SOURCE":"projects/rollro/locations/asia-northeast3/functions/mapDirection15"},"runtime":"nodejs18","buildEnvironmentVariables":{"GOOGLE_NODE_RUN_SCRIPTS":""},"dockerRegistry":"ARTIFACT_REGISTRY"},"versionId":"1","updateTime":"2024-04-17T00:19:39Z"}}
[debug] [2024-04-17T00:19:44.040Z] [create-default-asia-northeast3-mapDirection15] Retrying task index 0
[debug] [2024-04-17T00:19:44.041Z] >>> [apiv2][query] GET https://cloudfunctions.googleapis.com/v1/operations/cm9sbHJvL2FzaWEtbm9ydGhlYXN0My9tYXBEaXJlY3Rpb24xNS9lQW1xS0V2V01wYw [none]
[debug] [2024-04-17T00:19:44.336Z] <<< [apiv2][status] GET https://cloudfunctions.googleapis.com/v1/operations/cm9sbHJvL2FzaWEtbm9ydGhlYXN0My9tYXBEaXJlY3Rpb24xNS9lQW1xS0V2V01wYw 200
[debug] [2024-04-17T00:19:44.337Z] <<< [apiv2][body] GET https://cloudfunctions.googleapis.com/v1/operations/cm9sbHJvL2FzaWEtbm9ydGhlYXN0My9tYXBEaXJlY3Rpb24xNS9lQW1xS0V2V01wYw {"name":"operations/cm9sbHJvL2FzaWEtbm9ydGhlYXN0My9tYXBEaXJlY3Rpb24xNS9lQW1xS0V2V01wYw","metadata":{"@type":"type.googleapis.com/google.cloud.functions.v1.OperationMetadataV1","target":"projects/rollro/locations/asia-northeast3/functions/mapDirection15","type":"CREATE_FUNCTION","request":{"@type":"type.googleapis.com/google.cloud.functions.v1.CloudFunction","name":"projects/rollro/locations/asia-northeast3/functions/mapDirection15","httpsTrigger":{"securityLevel":"SECURE_ALWAYS"},"entryPoint":"mapDirection15","labels":{"deployment-tool":"cli-firebase","firebase-functions-hash":"6c9c37f512e4cc0f18192334db225215392a2ae2"},"sourceUploadUrl":"https://storage.googleapis.com/uploads-1081448050733.asia-northeast3.cloudfunctions.appspot.com/a6da090e-3dda-4d15-a1c8-bfd10c601160.zip?GoogleAccessId=service-516928937153@gcf-admin-robot.iam.gserviceaccount.com&Expires=1713314977&Signature=YxfalCuwiQD3dlVOELAUFJPrPg7yGeSdtaomXxNWpAiyTzr9HFUgPWkAGh9GTBgCNksaWnLCxV0%2Bma9njinvzj%2BotoTWD9XMT%2F%2Bc2wMh50Rffm48vYrFT1aK0I3MhTmXEqzTj7pTMJHpi6HRNwigDsj2f%2FQBoYs2GBEM2XkoPAKrGFhY8y6qg%2BnzDzHVp%2FPu1OwbP5MuxhEKH7a%2BCKMIQ7K3Hnrl%2B43Ojq3Yb%2FwNQiNqosSJRNOev4ApCmHjpNiS6BemrtMnFEpSOi2rIID%2BwTujFpWp%2FXqSUs47h%2FFl%2FcVHgHp4sjz%2B%2BBkaURLmzdrlSIuqdKw9zaFdqcXd0cyxYg%3D%3D","environmentVariables":{"FIREBASE_CONFIG":"{\"projectId\":\"rollro\",\"storageBucket\":\"rollro.appspot.com\"}","GCLOUD_PROJECT":"rollro","EVENTARC_CLOUD_EVENT_SOURCE":"projects/rollro/locations/asia-northeast3/functions/mapDirection15"},"runtime":"nodejs18","buildEnvironmentVariables":{"GOOGLE_NODE_RUN_SCRIPTS":""},"dockerRegistry":"ARTIFACT_REGISTRY"},"versionId":"1","updateTime":"2024-04-17T00:19:39Z"}}
[debug] [2024-04-17T00:19:48.339Z] [create-default-asia-northeast3-mapDirection15] Retrying task index 0
[debug] [2024-04-17T00:19:48.340Z] >>> [apiv2][query] GET https://cloudfunctions.googleapis.com/v1/operations/cm9sbHJvL2FzaWEtbm9ydGhlYXN0My9tYXBEaXJlY3Rpb24xNS9lQW1xS0V2V01wYw [none]
[debug] [2024-04-17T00:19:48.573Z] <<< [apiv2][status] GET https://cloudfunctions.googleapis.com/v1/operations/cm9sbHJvL2FzaWEtbm9ydGhlYXN0My9tYXBEaXJlY3Rpb24xNS9lQW1xS0V2V01wYw 200
[debug] [2024-04-17T00:19:48.574Z] <<< [apiv2][body] GET https://cloudfunctions.googleapis.com/v1/operations/cm9sbHJvL2FzaWEtbm9ydGhlYXN0My9tYXBEaXJlY3Rpb24xNS9lQW1xS0V2V01wYw {"name":"operations/cm9sbHJvL2FzaWEtbm9ydGhlYXN0My9tYXBEaXJlY3Rpb24xNS9lQW1xS0V2V01wYw","metadata":{"@type":"type.googleapis.com/google.cloud.functions.v1.OperationMetadataV1","target":"projects/rollro/locations/asia-northeast3/functions/mapDirection15","type":"CREATE_FUNCTION","request":{"@type":"type.googleapis.com/google.cloud.functions.v1.CloudFunction","name":"projects/rollro/locations/asia-northeast3/functions/mapDirection15","httpsTrigger":{"securityLevel":"SECURE_ALWAYS"},"entryPoint":"mapDirection15","labels":{"deployment-tool":"cli-firebase","firebase-functions-hash":"6c9c37f512e4cc0f18192334db225215392a2ae2"},"sourceUploadUrl":"https://storage.googleapis.com/uploads-1081448050733.asia-northeast3.cloudfunctions.appspot.com/a6da090e-3dda-4d15-a1c8-bfd10c601160.zip?GoogleAccessId=service-516928937153@gcf-admin-robot.iam.gserviceaccount.com&Expires=1713314977&Signature=YxfalCuwiQD3dlVOELAUFJPrPg7yGeSdtaomXxNWpAiyTzr9HFUgPWkAGh9GTBgCNksaWnLCxV0%2Bma9njinvzj%2BotoTWD9XMT%2F%2Bc2wMh50Rffm48vYrFT1aK0I3MhTmXEqzTj7pTMJHpi6HRNwigDsj2f%2FQBoYs2GBEM2XkoPAKrGFhY8y6qg%2BnzDzHVp%2FPu1OwbP5MuxhEKH7a%2BCKMIQ7K3Hnrl%2B43Ojq3Yb%2FwNQiNqosSJRNOev4ApCmHjpNiS6BemrtMnFEpSOi2rIID%2BwTujFpWp%2FXqSUs47h%2FFl%2FcVHgHp4sjz%2B%2BBkaURLmzdrlSIuqdKw9zaFdqcXd0cyxYg%3D%3D","environmentVariables":{"FIREBASE_CONFIG":"{\"projectId\":\"rollro\",\"storageBucket\":\"rollro.appspot.com\"}","GCLOUD_PROJECT":"rollro","EVENTARC_CLOUD_EVENT_SOURCE":"projects/rollro/locations/asia-northeast3/functions/mapDirection15"},"runtime":"nodejs18","buildEnvironmentVariables":{"GOOGLE_NODE_RUN_SCRIPTS":""},"dockerRegistry":"ARTIFACT_REGISTRY"},"versionId":"1","updateTime":"2024-04-17T00:19:39Z"}}
[debug] [2024-04-17T00:19:56.575Z] [create-default-asia-northeast3-mapDirection15] Retrying task index 0
[debug] [2024-04-17T00:19:56.576Z] >>> [apiv2][query] GET https://cloudfunctions.googleapis.com/v1/operations/cm9sbHJvL2FzaWEtbm9ydGhlYXN0My9tYXBEaXJlY3Rpb24xNS9lQW1xS0V2V01wYw [none]
[debug] [2024-04-17T00:19:57.090Z] <<< [apiv2][status] GET https://cloudfunctions.googleapis.com/v1/operations/cm9sbHJvL2FzaWEtbm9ydGhlYXN0My9tYXBEaXJlY3Rpb24xNS9lQW1xS0V2V01wYw 200
[debug] [2024-04-17T00:19:57.090Z] <<< [apiv2][body] GET https://cloudfunctions.googleapis.com/v1/operations/cm9sbHJvL2FzaWEtbm9ydGhlYXN0My9tYXBEaXJlY3Rpb24xNS9lQW1xS0V2V01wYw {"name":"operations/cm9sbHJvL2FzaWEtbm9ydGhlYXN0My9tYXBEaXJlY3Rpb24xNS9lQW1xS0V2V01wYw","metadata":{"@type":"type.googleapis.com/google.cloud.functions.v1.OperationMetadataV1","target":"projects/rollro/locations/asia-northeast3/functions/mapDirection15","type":"CREATE_FUNCTION","request":{"@type":"type.googleapis.com/google.cloud.functions.v1.CloudFunction","name":"projects/rollro/locations/asia-northeast3/functions/mapDirection15","httpsTrigger":{"securityLevel":"SECURE_ALWAYS"},"entryPoint":"mapDirection15","labels":{"deployment-tool":"cli-firebase","firebase-functions-hash":"6c9c37f512e4cc0f18192334db225215392a2ae2"},"sourceUploadUrl":"https://storage.googleapis.com/uploads-1081448050733.asia-northeast3.cloudfunctions.appspot.com/a6da090e-3dda-4d15-a1c8-bfd10c601160.zip?GoogleAccessId=service-516928937153@gcf-admin-robot.iam.gserviceaccount.com&Expires=1713314977&Signature=YxfalCuwiQD3dlVOELAUFJPrPg7yGeSdtaomXxNWpAiyTzr9HFUgPWkAGh9GTBgCNksaWnLCxV0%2Bma9njinvzj%2BotoTWD9XMT%2F%2Bc2wMh50Rffm48vYrFT1aK0I3MhTmXEqzTj7pTMJHpi6HRNwigDsj2f%2FQBoYs2GBEM2XkoPAKrGFhY8y6qg%2BnzDzHVp%2FPu1OwbP5MuxhEKH7a%2BCKMIQ7K3Hnrl%2B43Ojq3Yb%2FwNQiNqosSJRNOev4ApCmHjpNiS6BemrtMnFEpSOi2rIID%2BwTujFpWp%2FXqSUs47h%2FFl%2FcVHgHp4sjz%2B%2BBkaURLmzdrlSIuqdKw9zaFdqcXd0cyxYg%3D%3D","environmentVariables":{"FIREBASE_CONFIG":"{\"projectId\":\"rollro\",\"storageBucket\":\"rollro.appspot.com\"}","GCLOUD_PROJECT":"rollro","EVENTARC_CLOUD_EVENT_SOURCE":"projects/rollro/locations/asia-northeast3/functions/mapDirection15"},"runtime":"nodejs18","buildEnvironmentVariables":{"GOOGLE_NODE_RUN_SCRIPTS":""},"dockerRegistry":"ARTIFACT_REGISTRY"},"versionId":"1","updateTime":"2024-04-17T00:19:39Z","buildId":"4b50e7f6-f1be-4123-8dcd-a9c6caa2c2de","buildName":"projects/516928937153/locations/asia-northeast3/builds/4b50e7f6-f1be-4123-8dcd-a9c6caa2c2de"}}
[debug] [2024-04-17T00:20:07.091Z] [create-default-asia-northeast3-mapDirection15] Retrying task index 0
[debug] [2024-04-17T00:20:07.092Z] >>> [apiv2][query] GET https://cloudfunctions.googleapis.com/v1/operations/cm9sbHJvL2FzaWEtbm9ydGhlYXN0My9tYXBEaXJlY3Rpb24xNS9lQW1xS0V2V01wYw [none]
[debug] [2024-04-17T00:20:07.588Z] <<< [apiv2][status] GET https://cloudfunctions.googleapis.com/v1/operations/cm9sbHJvL2FzaWEtbm9ydGhlYXN0My9tYXBEaXJlY3Rpb24xNS9lQW1xS0V2V01wYw 200
[debug] [2024-04-17T00:20:07.588Z] <<< [apiv2][body] GET https://cloudfunctions.googleapis.com/v1/operations/cm9sbHJvL2FzaWEtbm9ydGhlYXN0My9tYXBEaXJlY3Rpb24xNS9lQW1xS0V2V01wYw {"name":"operations/cm9sbHJvL2FzaWEtbm9ydGhlYXN0My9tYXBEaXJlY3Rpb24xNS9lQW1xS0V2V01wYw","metadata":{"@type":"type.googleapis.com/google.cloud.functions.v1.OperationMetadataV1","target":"projects/rollro/locations/asia-northeast3/functions/mapDirection15","type":"CREATE_FUNCTION","request":{"@type":"type.googleapis.com/google.cloud.functions.v1.CloudFunction","name":"projects/rollro/locations/asia-northeast3/functions/mapDirection15","httpsTrigger":{"securityLevel":"SECURE_ALWAYS"},"entryPoint":"mapDirection15","labels":{"deployment-tool":"cli-firebase","firebase-functions-hash":"6c9c37f512e4cc0f18192334db225215392a2ae2"},"sourceUploadUrl":"https://storage.googleapis.com/uploads-1081448050733.asia-northeast3.cloudfunctions.appspot.com/a6da090e-3dda-4d15-a1c8-bfd10c601160.zip?GoogleAccessId=service-516928937153@gcf-admin-robot.iam.gserviceaccount.com&Expires=1713314977&Signature=YxfalCuwiQD3dlVOELAUFJPrPg7yGeSdtaomXxNWpAiyTzr9HFUgPWkAGh9GTBgCNksaWnLCxV0%2Bma9njinvzj%2BotoTWD9XMT%2F%2Bc2wMh50Rffm48vYrFT1aK0I3MhTmXEqzTj7pTMJHpi6HRNwigDsj2f%2FQBoYs2GBEM2XkoPAKrGFhY8y6qg%2BnzDzHVp%2FPu1OwbP5MuxhEKH7a%2BCKMIQ7K3Hnrl%2B43Ojq3Yb%2FwNQiNqosSJRNOev4ApCmHjpNiS6BemrtMnFEpSOi2rIID%2BwTujFpWp%2FXqSUs47h%2FFl%2FcVHgHp4sjz%2B%2BBkaURLmzdrlSIuqdKw9zaFdqcXd0cyxYg%3D%3D","environmentVariables":{"FIREBASE_CONFIG":"{\"projectId\":\"rollro\",\"storageBucket\":\"rollro.appspot.com\"}","GCLOUD_PROJECT":"rollro","EVENTARC_CLOUD_EVENT_SOURCE":"projects/rollro/locations/asia-northeast3/functions/mapDirection15"},"runtime":"nodejs18","buildEnvironmentVariables":{"GOOGLE_NODE_RUN_SCRIPTS":""},"dockerRegistry":"ARTIFACT_REGISTRY"},"versionId":"1","updateTime":"2024-04-17T00:19:39Z","buildId":"4b50e7f6-f1be-4123-8dcd-a9c6caa2c2de","buildName":"projects/516928937153/locations/asia-northeast3/builds/4b50e7f6-f1be-4123-8dcd-a9c6caa2c2de"}}
[debug] [2024-04-17T00:20:17.589Z] [create-default-asia-northeast3-mapDirection15] Retrying task index 0
[debug] [2024-04-17T00:20:17.593Z] >>> [apiv2][query] GET https://cloudfunctions.googleapis.com/v1/operations/cm9sbHJvL2FzaWEtbm9ydGhlYXN0My9tYXBEaXJlY3Rpb24xNS9lQW1xS0V2V01wYw [none]
[debug] [2024-04-17T00:20:18.354Z] <<< [apiv2][status] GET https://cloudfunctions.googleapis.com/v1/operations/cm9sbHJvL2FzaWEtbm9ydGhlYXN0My9tYXBEaXJlY3Rpb24xNS9lQW1xS0V2V01wYw 200
[debug] [2024-04-17T00:20:18.354Z] <<< [apiv2][body] GET https://cloudfunctions.googleapis.com/v1/operations/cm9sbHJvL2FzaWEtbm9ydGhlYXN0My9tYXBEaXJlY3Rpb24xNS9lQW1xS0V2V01wYw {"name":"operations/cm9sbHJvL2FzaWEtbm9ydGhlYXN0My9tYXBEaXJlY3Rpb24xNS9lQW1xS0V2V01wYw","metadata":{"@type":"type.googleapis.com/google.cloud.functions.v1.OperationMetadataV1","target":"projects/rollro/locations/asia-northeast3/functions/mapDirection15","type":"CREATE_FUNCTION","request":{"@type":"type.googleapis.com/google.cloud.functions.v1.CloudFunction","name":"projects/rollro/locations/asia-northeast3/functions/mapDirection15","httpsTrigger":{"securityLevel":"SECURE_ALWAYS"},"entryPoint":"mapDirection15","labels":{"deployment-tool":"cli-firebase","firebase-functions-hash":"6c9c37f512e4cc0f18192334db225215392a2ae2"},"sourceUploadUrl":"https://storage.googleapis.com/uploads-1081448050733.asia-northeast3.cloudfunctions.appspot.com/a6da090e-3dda-4d15-a1c8-bfd10c601160.zip?GoogleAccessId=service-516928937153@gcf-admin-robot.iam.gserviceaccount.com&Expires=1713314977&Signature=YxfalCuwiQD3dlVOELAUFJPrPg7yGeSdtaomXxNWpAiyTzr9HFUgPWkAGh9GTBgCNksaWnLCxV0%2Bma9njinvzj%2BotoTWD9XMT%2F%2Bc2wMh50Rffm48vYrFT1aK0I3MhTmXEqzTj7pTMJHpi6HRNwigDsj2f%2FQBoYs2GBEM2XkoPAKrGFhY8y6qg%2BnzDzHVp%2FPu1OwbP5MuxhEKH7a%2BCKMIQ7K3Hnrl%2B43Ojq3Yb%2FwNQiNqosSJRNOev4ApCmHjpNiS6BemrtMnFEpSOi2rIID%2BwTujFpWp%2FXqSUs47h%2FFl%2FcVHgHp4sjz%2B%2BBkaURLmzdrlSIuqdKw9zaFdqcXd0cyxYg%3D%3D","environmentVariables":{"FIREBASE_CONFIG":"{\"projectId\":\"rollro\",\"storageBucket\":\"rollro.appspot.com\"}","GCLOUD_PROJECT":"rollro","EVENTARC_CLOUD_EVENT_SOURCE":"projects/rollro/locations/asia-northeast3/functions/mapDirection15"},"runtime":"nodejs18","buildEnvironmentVariables":{"GOOGLE_NODE_RUN_SCRIPTS":""},"dockerRegistry":"ARTIFACT_REGISTRY"},"versionId":"1","updateTime":"2024-04-17T00:19:39Z","buildId":"4b50e7f6-f1be-4123-8dcd-a9c6caa2c2de","buildName":"projects/516928937153/locations/asia-northeast3/builds/4b50e7f6-f1be-4123-8dcd-a9c6caa2c2de"}}
[debug] [2024-04-17T00:20:28.356Z] [create-default-asia-northeast3-mapDirection15] Retrying task index 0
[debug] [2024-04-17T00:20:28.357Z] >>> [apiv2][query] GET https://cloudfunctions.googleapis.com/v1/operations/cm9sbHJvL2FzaWEtbm9ydGhlYXN0My9tYXBEaXJlY3Rpb24xNS9lQW1xS0V2V01wYw [none]
[debug] [2024-04-17T00:20:28.831Z] <<< [apiv2][status] GET https://cloudfunctions.googleapis.com/v1/operations/cm9sbHJvL2FzaWEtbm9ydGhlYXN0My9tYXBEaXJlY3Rpb24xNS9lQW1xS0V2V01wYw 200
[debug] [2024-04-17T00:20:28.831Z] <<< [apiv2][body] GET https://cloudfunctions.googleapis.com/v1/operations/cm9sbHJvL2FzaWEtbm9ydGhlYXN0My9tYXBEaXJlY3Rpb24xNS9lQW1xS0V2V01wYw {"name":"operations/cm9sbHJvL2FzaWEtbm9ydGhlYXN0My9tYXBEaXJlY3Rpb24xNS9lQW1xS0V2V01wYw","metadata":{"@type":"type.googleapis.com/google.cloud.functions.v1.OperationMetadataV1","target":"projects/rollro/locations/asia-northeast3/functions/mapDirection15","type":"CREATE_FUNCTION","request":{"@type":"type.googleapis.com/google.cloud.functions.v1.CloudFunction","name":"projects/rollro/locations/asia-northeast3/functions/mapDirection15","httpsTrigger":{"securityLevel":"SECURE_ALWAYS"},"entryPoint":"mapDirection15","labels":{"deployment-tool":"cli-firebase","firebase-functions-hash":"6c9c37f512e4cc0f18192334db225215392a2ae2"},"sourceUploadUrl":"https://storage.googleapis.com/uploads-1081448050733.asia-northeast3.cloudfunctions.appspot.com/a6da090e-3dda-4d15-a1c8-bfd10c601160.zip?GoogleAccessId=service-516928937153@gcf-admin-robot.iam.gserviceaccount.com&Expires=1713314977&Signature=YxfalCuwiQD3dlVOELAUFJPrPg7yGeSdtaomXxNWpAiyTzr9HFUgPWkAGh9GTBgCNksaWnLCxV0%2Bma9njinvzj%2BotoTWD9XMT%2F%2Bc2wMh50Rffm48vYrFT1aK0I3MhTmXEqzTj7pTMJHpi6HRNwigDsj2f%2FQBoYs2GBEM2XkoPAKrGFhY8y6qg%2BnzDzHVp%2FPu1OwbP5MuxhEKH7a%2BCKMIQ7K3Hnrl%2B43Ojq3Yb%2FwNQiNqosSJRNOev4ApCmHjpNiS6BemrtMnFEpSOi2rIID%2BwTujFpWp%2FXqSUs47h%2FFl%2FcVHgHp4sjz%2B%2BBkaURLmzdrlSIuqdKw9zaFdqcXd0cyxYg%3D%3D","environmentVariables":{"FIREBASE_CONFIG":"{\"projectId\":\"rollro\",\"storageBucket\":\"rollro.appspot.com\"}","GCLOUD_PROJECT":"rollro","EVENTARC_CLOUD_EVENT_SOURCE":"projects/rollro/locations/asia-northeast3/functions/mapDirection15"},"runtime":"nodejs18","buildEnvironmentVariables":{"GOOGLE_NODE_RUN_SCRIPTS":""},"dockerRegistry":"ARTIFACT_REGISTRY"},"versionId":"1","updateTime":"2024-04-17T00:19:39Z","buildId":"4b50e7f6-f1be-4123-8dcd-a9c6caa2c2de","buildName":"projects/516928937153/locations/asia-northeast3/builds/4b50e7f6-f1be-4123-8dcd-a9c6caa2c2de"}}
[debug] [2024-04-17T00:20:38.834Z] [create-default-asia-northeast3-mapDirection15] Retrying task index 0
[debug] [2024-04-17T00:20:38.835Z] >>> [apiv2][query] GET https://cloudfunctions.googleapis.com/v1/operations/cm9sbHJvL2FzaWEtbm9ydGhlYXN0My9tYXBEaXJlY3Rpb24xNS9lQW1xS0V2V01wYw [none]
[debug] [2024-04-17T00:20:39.328Z] <<< [apiv2][status] GET https://cloudfunctions.googleapis.com/v1/operations/cm9sbHJvL2FzaWEtbm9ydGhlYXN0My9tYXBEaXJlY3Rpb24xNS9lQW1xS0V2V01wYw 200
[debug] [2024-04-17T00:20:39.329Z] <<< [apiv2][body] GET https://cloudfunctions.googleapis.com/v1/operations/cm9sbHJvL2FzaWEtbm9ydGhlYXN0My9tYXBEaXJlY3Rpb24xNS9lQW1xS0V2V01wYw {"name":"operations/cm9sbHJvL2FzaWEtbm9ydGhlYXN0My9tYXBEaXJlY3Rpb24xNS9lQW1xS0V2V01wYw","metadata":{"@type":"type.googleapis.com/google.cloud.functions.v1.OperationMetadataV1","target":"projects/rollro/locations/asia-northeast3/functions/mapDirection15","type":"CREATE_FUNCTION","request":{"@type":"type.googleapis.com/google.cloud.functions.v1.CloudFunction","name":"projects/rollro/locations/asia-northeast3/functions/mapDirection15","httpsTrigger":{"securityLevel":"SECURE_ALWAYS"},"entryPoint":"mapDirection15","labels":{"deployment-tool":"cli-firebase","firebase-functions-hash":"6c9c37f512e4cc0f18192334db225215392a2ae2"},"sourceUploadUrl":"https://storage.googleapis.com/uploads-1081448050733.asia-northeast3.cloudfunctions.appspot.com/a6da090e-3dda-4d15-a1c8-bfd10c601160.zip?GoogleAccessId=service-516928937153@gcf-admin-robot.iam.gserviceaccount.com&Expires=1713314977&Signature=YxfalCuwiQD3dlVOELAUFJPrPg7yGeSdtaomXxNWpAiyTzr9HFUgPWkAGh9GTBgCNksaWnLCxV0%2Bma9njinvzj%2BotoTWD9XMT%2F%2Bc2wMh50Rffm48vYrFT1aK0I3MhTmXEqzTj7pTMJHpi6HRNwigDsj2f%2FQBoYs2GBEM2XkoPAKrGFhY8y6qg%2BnzDzHVp%2FPu1OwbP5MuxhEKH7a%2BCKMIQ7K3Hnrl%2B43Ojq3Yb%2FwNQiNqosSJRNOev4ApCmHjpNiS6BemrtMnFEpSOi2rIID%2BwTujFpWp%2FXqSUs47h%2FFl%2FcVHgHp4sjz%2B%2BBkaURLmzdrlSIuqdKw9zaFdqcXd0cyxYg%3D%3D","environmentVariables":{"FIREBASE_CONFIG":"{\"projectId\":\"rollro\",\"storageBucket\":\"rollro.appspot.com\"}","GCLOUD_PROJECT":"rollro","EVENTARC_CLOUD_EVENT_SOURCE":"projects/rollro/locations/asia-northeast3/functions/mapDirection15"},"runtime":"nodejs18","buildEnvironmentVariables":{"GOOGLE_NODE_RUN_SCRIPTS":""},"dockerRegistry":"ARTIFACT_REGISTRY"},"versionId":"1","updateTime":"2024-04-17T00:19:39Z","buildId":"4b50e7f6-f1be-4123-8dcd-a9c6caa2c2de","buildName":"projects/516928937153/locations/asia-northeast3/builds/4b50e7f6-f1be-4123-8dcd-a9c6caa2c2de"}}
[debug] [2024-04-17T00:20:49.330Z] [create-default-asia-northeast3-mapDirection15] Retrying task index 0
[debug] [2024-04-17T00:20:49.331Z] >>> [apiv2][query] GET https://cloudfunctions.googleapis.com/v1/operations/cm9sbHJvL2FzaWEtbm9ydGhlYXN0My9tYXBEaXJlY3Rpb24xNS9lQW1xS0V2V01wYw [none]
[debug] [2024-04-17T00:20:49.635Z] <<< [apiv2][status] GET https://cloudfunctions.googleapis.com/v1/operations/cm9sbHJvL2FzaWEtbm9ydGhlYXN0My9tYXBEaXJlY3Rpb24xNS9lQW1xS0V2V01wYw 200
[debug] [2024-04-17T00:20:49.635Z] <<< [apiv2][body] GET https://cloudfunctions.googleapis.com/v1/operations/cm9sbHJvL2FzaWEtbm9ydGhlYXN0My9tYXBEaXJlY3Rpb24xNS9lQW1xS0V2V01wYw {"name":"operations/cm9sbHJvL2FzaWEtbm9ydGhlYXN0My9tYXBEaXJlY3Rpb24xNS9lQW1xS0V2V01wYw","metadata":{"@type":"type.googleapis.com/google.cloud.functions.v1.OperationMetadataV1","target":"projects/rollro/locations/asia-northeast3/functions/mapDirection15","type":"CREATE_FUNCTION","request":{"@type":"type.googleapis.com/google.cloud.functions.v1.CloudFunction","name":"projects/rollro/locations/asia-northeast3/functions/mapDirection15","httpsTrigger":{"securityLevel":"SECURE_ALWAYS"},"entryPoint":"mapDirection15","labels":{"deployment-tool":"cli-firebase","firebase-functions-hash":"6c9c37f512e4cc0f18192334db225215392a2ae2"},"sourceUploadUrl":"https://storage.googleapis.com/uploads-1081448050733.asia-northeast3.cloudfunctions.appspot.com/a6da090e-3dda-4d15-a1c8-bfd10c601160.zip?GoogleAccessId=service-516928937153@gcf-admin-robot.iam.gserviceaccount.com&Expires=1713314977&Signature=YxfalCuwiQD3dlVOELAUFJPrPg7yGeSdtaomXxNWpAiyTzr9HFUgPWkAGh9GTBgCNksaWnLCxV0%2Bma9njinvzj%2BotoTWD9XMT%2F%2Bc2wMh50Rffm48vYrFT1aK0I3MhTmXEqzTj7pTMJHpi6HRNwigDsj2f%2FQBoYs2GBEM2XkoPAKrGFhY8y6qg%2BnzDzHVp%2FPu1OwbP5MuxhEKH7a%2BCKMIQ7K3Hnrl%2B43Ojq3Yb%2FwNQiNqosSJRNOev4ApCmHjpNiS6BemrtMnFEpSOi2rIID%2BwTujFpWp%2FXqSUs47h%2FFl%2FcVHgHp4sjz%2B%2BBkaURLmzdrlSIuqdKw9zaFdqcXd0cyxYg%3D%3D","environmentVariables":{"FIREBASE_CONFIG":"{\"projectId\":\"rollro\",\"storageBucket\":\"rollro.appspot.com\"}","GCLOUD_PROJECT":"rollro","EVENTARC_CLOUD_EVENT_SOURCE":"projects/rollro/locations/asia-northeast3/functions/mapDirection15"},"runtime":"nodejs18","buildEnvironmentVariables":{"GOOGLE_NODE_RUN_SCRIPTS":""},"dockerRegistry":"ARTIFACT_REGISTRY"},"versionId":"1","updateTime":"2024-04-17T00:19:39Z","buildId":"4b50e7f6-f1be-4123-8dcd-a9c6caa2c2de","buildName":"projects/516928937153/locations/asia-northeast3/builds/4b50e7f6-f1be-4123-8dcd-a9c6caa2c2de"}}
[debug] [2024-04-17T00:20:59.636Z] [create-default-asia-northeast3-mapDirection15] Retrying task index 0
[debug] [2024-04-17T00:20:59.637Z] >>> [apiv2][query] GET https://cloudfunctions.googleapis.com/v1/operations/cm9sbHJvL2FzaWEtbm9ydGhlYXN0My9tYXBEaXJlY3Rpb24xNS9lQW1xS0V2V01wYw [none]
[debug] [2024-04-17T00:21:00.034Z] <<< [apiv2][status] GET https://cloudfunctions.googleapis.com/v1/operations/cm9sbHJvL2FzaWEtbm9ydGhlYXN0My9tYXBEaXJlY3Rpb24xNS9lQW1xS0V2V01wYw 200
[debug] [2024-04-17T00:21:00.035Z] <<< [apiv2][body] GET https://cloudfunctions.googleapis.com/v1/operations/cm9sbHJvL2FzaWEtbm9ydGhlYXN0My9tYXBEaXJlY3Rpb24xNS9lQW1xS0V2V01wYw {"name":"operations/cm9sbHJvL2FzaWEtbm9ydGhlYXN0My9tYXBEaXJlY3Rpb24xNS9lQW1xS0V2V01wYw","metadata":{"@type":"type.googleapis.com/google.cloud.functions.v1.OperationMetadataV1","target":"projects/rollro/locations/asia-northeast3/functions/mapDirection15","type":"CREATE_FUNCTION","request":{"@type":"type.googleapis.com/google.cloud.functions.v1.CloudFunction","name":"projects/rollro/locations/asia-northeast3/functions/mapDirection15","httpsTrigger":{"securityLevel":"SECURE_ALWAYS"},"entryPoint":"mapDirection15","labels":{"deployment-tool":"cli-firebase","firebase-functions-hash":"6c9c37f512e4cc0f18192334db225215392a2ae2"},"sourceUploadUrl":"https://storage.googleapis.com/uploads-1081448050733.asia-northeast3.cloudfunctions.appspot.com/a6da090e-3dda-4d15-a1c8-bfd10c601160.zip?GoogleAccessId=service-516928937153@gcf-admin-robot.iam.gserviceaccount.com&Expires=1713314977&Signature=YxfalCuwiQD3dlVOELAUFJPrPg7yGeSdtaomXxNWpAiyTzr9HFUgPWkAGh9GTBgCNksaWnLCxV0%2Bma9njinvzj%2BotoTWD9XMT%2F%2Bc2wMh50Rffm48vYrFT1aK0I3MhTmXEqzTj7pTMJHpi6HRNwigDsj2f%2FQBoYs2GBEM2XkoPAKrGFhY8y6qg%2BnzDzHVp%2FPu1OwbP5MuxhEKH7a%2BCKMIQ7K3Hnrl%2B43Ojq3Yb%2FwNQiNqosSJRNOev4ApCmHjpNiS6BemrtMnFEpSOi2rIID%2BwTujFpWp%2FXqSUs47h%2FFl%2FcVHgHp4sjz%2B%2BBkaURLmzdrlSIuqdKw9zaFdqcXd0cyxYg%3D%3D","environmentVariables":{"FIREBASE_CONFIG":"{\"projectId\":\"rollro\",\"storageBucket\":\"rollro.appspot.com\"}","GCLOUD_PROJECT":"rollro","EVENTARC_CLOUD_EVENT_SOURCE":"projects/rollro/locations/asia-northeast3/functions/mapDirection15"},"runtime":"nodejs18","buildEnvironmentVariables":{"GOOGLE_NODE_RUN_SCRIPTS":""},"dockerRegistry":"ARTIFACT_REGISTRY"},"versionId":"1","updateTime":"2024-04-17T00:19:39Z","buildId":"4b50e7f6-f1be-4123-8dcd-a9c6caa2c2de","sourceToken":"f2dfac1f-0ea4-4e9e-b00c-b98c06865230","buildName":"projects/516928937153/locations/asia-northeast3/builds/4b50e7f6-f1be-4123-8dcd-a9c6caa2c2de"}}
[debug] [2024-04-17T00:21:00.035Z] Got source token f2dfac1f-0ea4-4e9e-b00c-b98c06865230 for region asia-northeast3
[debug] [2024-04-17T00:21:10.035Z] [create-default-asia-northeast3-mapDirection15] Retrying task index 0
[debug] [2024-04-17T00:21:10.035Z] >>> [apiv2][query] GET https://cloudfunctions.googleapis.com/v1/operations/cm9sbHJvL2FzaWEtbm9ydGhlYXN0My9tYXBEaXJlY3Rpb24xNS9lQW1xS0V2V01wYw [none]
[debug] [2024-04-17T00:21:10.961Z] <<< [apiv2][status] GET https://cloudfunctions.googleapis.com/v1/operations/cm9sbHJvL2FzaWEtbm9ydGhlYXN0My9tYXBEaXJlY3Rpb24xNS9lQW1xS0V2V01wYw 200
[debug] [2024-04-17T00:21:10.962Z] <<< [apiv2][body] GET https://cloudfunctions.googleapis.com/v1/operations/cm9sbHJvL2FzaWEtbm9ydGhlYXN0My9tYXBEaXJlY3Rpb24xNS9lQW1xS0V2V01wYw {"name":"operations/cm9sbHJvL2FzaWEtbm9ydGhlYXN0My9tYXBEaXJlY3Rpb24xNS9lQW1xS0V2V01wYw","metadata":{"@type":"type.googleapis.com/google.cloud.functions.v1.OperationMetadataV1","target":"projects/rollro/locations/asia-northeast3/functions/mapDirection15","type":"CREATE_FUNCTION","request":{"@type":"type.googleapis.com/google.cloud.functions.v1.CloudFunction","name":"projects/rollro/locations/asia-northeast3/functions/mapDirection15","httpsTrigger":{"securityLevel":"SECURE_ALWAYS"},"entryPoint":"mapDirection15","labels":{"deployment-tool":"cli-firebase","firebase-functions-hash":"6c9c37f512e4cc0f18192334db225215392a2ae2"},"sourceUploadUrl":"https://storage.googleapis.com/uploads-1081448050733.asia-northeast3.cloudfunctions.appspot.com/a6da090e-3dda-4d15-a1c8-bfd10c601160.zip?GoogleAccessId=service-516928937153@gcf-admin-robot.iam.gserviceaccount.com&Expires=1713314977&Signature=YxfalCuwiQD3dlVOELAUFJPrPg7yGeSdtaomXxNWpAiyTzr9HFUgPWkAGh9GTBgCNksaWnLCxV0%2Bma9njinvzj%2BotoTWD9XMT%2F%2Bc2wMh50Rffm48vYrFT1aK0I3MhTmXEqzTj7pTMJHpi6HRNwigDsj2f%2FQBoYs2GBEM2XkoPAKrGFhY8y6qg%2BnzDzHVp%2FPu1OwbP5MuxhEKH7a%2BCKMIQ7K3Hnrl%2B43Ojq3Yb%2FwNQiNqosSJRNOev4ApCmHjpNiS6BemrtMnFEpSOi2rIID%2BwTujFpWp%2FXqSUs47h%2FFl%2FcVHgHp4sjz%2B%2BBkaURLmzdrlSIuqdKw9zaFdqcXd0cyxYg%3D%3D","environmentVariables":{"FIREBASE_CONFIG":"{\"projectId\":\"rollro\",\"storageBucket\":\"rollro.appspot.com\"}","GCLOUD_PROJECT":"rollro","EVENTARC_CLOUD_EVENT_SOURCE":"projects/rollro/locations/asia-northeast3/functions/mapDirection15"},"runtime":"nodejs18","buildEnvironmentVariables":{"GOOGLE_NODE_RUN_SCRIPTS":""},"dockerRegistry":"ARTIFACT_REGISTRY"},"versionId":"1","updateTime":"2024-04-17T00:21:02Z","buildId":"4b50e7f6-f1be-4123-8dcd-a9c6caa2c2de","sourceToken":"f2dfac1f-0ea4-4e9e-b00c-b98c06865230","buildName":"projects/516928937153/locations/asia-northeast3/builds/4b50e7f6-f1be-4123-8dcd-a9c6caa2c2de"},"done":true,"error":{"code":3,"message":"Function failed on loading user code. This is likely due to a bug in the user code. Error message: Provided module can't be loaded.\nDid you list all required modules in the package.json dependencies?\nDetailed stack trace: Error: Cannot find module 'axios'\nRequire stack:\n- /workspace/lib/functions/mapDirection15.js\n- /workspace/lib/index.js\n- /layers/google.nodejs.functions-framework/functions-framework/node_modules/@google-cloud/functions-framework/build/src/loader.js\n- /layers/google.nodejs.functions-framework/functions-framework/node_modules/@google-cloud/functions-framework/build/src/main.js\n    at Module._resolveFilename (node:internal/modules/cjs/loader:1140:15)\n    at Module._load (node:internal/modules/cjs/loader:981:27)\n    at Module.require (node:internal/modules/cjs/loader:1231:19)\n    at require (node:internal/modules/helpers:177:18)\n    at Object.<anonymous> (/workspace/lib/functions/mapDirection15.js:5:17)\n    at Module._compile (node:internal/modules/cjs/loader:1364:14)\n    at Module._extensions..js (node:internal/modules/cjs/loader:1422:10)\n    at Module.load (node:internal/modules/cjs/loader:1203:32)\n    at Module._load (node:internal/modules/cjs/loader:1019:12)\n    at Module.require (node:internal/modules/cjs/loader:1231:19)\nCould not load the function, shutting down.. Please visit https://cloud.google.com/functions/docs/troubleshooting for in-depth troubleshooting documentation."}}
[debug] [2024-04-17T00:21:10.962Z] Got source token f2dfac1f-0ea4-4e9e-b00c-b98c06865230 for region asia-northeast3
[error] Function failed on loading user code. This is likely due to a bug in the user code. Error message: Provided module can't be loaded.
Did you list all required modules in the package.json dependencies?
Detailed stack trace: Error: Cannot find module 'axios'
Require stack:
- /workspace/lib/functions/mapDirection15.js
- /workspace/lib/index.js
- /layers/google.nodejs.functions-framework/functions-framework/node_modules/@google-cloud/functions-framework/build/src/loader.js
- /layers/google.nodejs.functions-framework/functions-framework/node_modules/@google-cloud/functions-framework/build/src/main.js
    at Module._resolveFilename (node:internal/modules/cjs/loader:1140:15)
    at Module._load (node:internal/modules/cjs/loader:981:27)
    at Module.require (node:internal/modules/cjs/loader:1231:19)
    at require (node:internal/modules/helpers:177:18)
    at Object.<anonymous> (/workspace/lib/functions/mapDirection15.js:5:17)
    at Module._compile (node:internal/modules/cjs/loader:1364:14)
    at Module._extensions..js (node:internal/modules/cjs/loader:1422:10)
    at Module.load (node:internal/modules/cjs/loader:1203:32)
    at Module._load (node:internal/modules/cjs/loader:1019:12)
    at Module.require (node:internal/modules/cjs/loader:1231:19)
Could not load the function, shutting down.. Please visit https://cloud.google.com/functions/docs/troubleshooting for in-depth troubleshooting documentation.
[debug] [2024-04-17T00:21:10.980Z] Total Function Deployment time: 92923
[debug] [2024-04-17T00:21:10.980Z] 1 Functions Deployed
[debug] [2024-04-17T00:21:10.980Z] 1 Functions Errored
[debug] [2024-04-17T00:21:10.980Z] 0 Function Deployments Aborted
[debug] [2024-04-17T00:21:10.980Z] Average Function Deployment time: 92922
[info] 
[info] Functions deploy had errors with the following functions:
	mapDirection15(asia-northeast3)
[debug] [2024-04-17T00:21:11.563Z] Not printing URL for HTTPS function. Typically this means it didn't match a filter or we failed deployment
[info] i  functions: cleaning up build files... 
[debug] [2024-04-17T00:21:11.566Z] >>> [apiv2][query] DELETE https://artifactregistry.googleapis.com/v1beta2/projects/rollro/locations/asia-northeast3/repositories/gcf-artifacts/packages/map_direction15 [none]
[debug] [2024-04-17T00:21:11.569Z] >>> [apiv2][query] GET https://asia.gcr.io/v2/rollro/gcf/asia-northeast3/tags/list [none]
[debug] [2024-04-17T00:21:12.148Z] <<< [apiv2][status] DELETE https://artifactregistry.googleapis.com/v1beta2/projects/rollro/locations/asia-northeast3/repositories/gcf-artifacts/packages/map_direction15 200
[debug] [2024-04-17T00:21:12.148Z] <<< [apiv2][body] DELETE https://artifactregistry.googleapis.com/v1beta2/projects/rollro/locations/asia-northeast3/repositories/gcf-artifacts/packages/map_direction15 {"name":"projects/rollro/locations/asia-northeast3/operations/1efd9ba2-0e46-473b-b6cd-5e43d3333b28","metadata":{"@type":"type.googleapis.com/google.devtools.artifactregistry.v1beta2.OperationMetadata"}}
[debug] [2024-04-17T00:21:12.148Z] >>> [apiv2][query] GET https://artifactregistry.googleapis.com/v1beta2/projects/rollro/locations/asia-northeast3/operations/1efd9ba2-0e46-473b-b6cd-5e43d3333b28 [none]
[debug] [2024-04-17T00:21:12.506Z] <<< [apiv2][status] GET https://artifactregistry.googleapis.com/v1beta2/projects/rollro/locations/asia-northeast3/operations/1efd9ba2-0e46-473b-b6cd-5e43d3333b28 200
[debug] [2024-04-17T00:21:12.506Z] <<< [apiv2][body] GET https://artifactregistry.googleapis.com/v1beta2/projects/rollro/locations/asia-northeast3/operations/1efd9ba2-0e46-473b-b6cd-5e43d3333b28 {"name":"projects/rollro/locations/asia-northeast3/operations/1efd9ba2-0e46-473b-b6cd-5e43d3333b28","metadata":{"@type":"type.googleapis.com/google.devtools.artifactregistry.v1beta2.OperationMetadata"},"done":true,"response":{"@type":"type.googleapis.com/google.protobuf.Empty"}}
[debug] [2024-04-17T00:21:13.134Z] <<< [apiv2][status] GET https://asia.gcr.io/v2/rollro/gcf/asia-northeast3/tags/list 404
[debug] [2024-04-17T00:21:13.135Z] <<< [apiv2][body] GET https://asia.gcr.io/v2/rollro/gcf/asia-northeast3/tags/list {"errors":[{"code":"NAME_UNKNOWN","message":"Repository \"asia.gcr.io\" not found"}]}
[debug] [2024-04-17T00:21:13.136Z] Failed docker command with error  HTTP Error: 404, Not Found {"name":"FirebaseError","children":[],"context":{"body":{"errors":[{"code":"NAME_UNKNOWN","message":"Repository \"asia.gcr.io\" not found"}],"error":{"message":"Not Found"}},"response":{"statusCode":404}},"exit":1,"message":"HTTP Error: 404, Not Found","status":404}
[debug] [2024-04-17T00:21:13.138Z] >>> [apiv2][query] GET https://asia.gcr.io/v2/rollro/gcf/asia-northeast3/tags/list [none]
[debug] [2024-04-17T00:21:13.278Z] <<< [apiv2][status] GET https://asia.gcr.io/v2/rollro/gcf/asia-northeast3/tags/list 404
[debug] [2024-04-17T00:21:13.278Z] <<< [apiv2][body] GET https://asia.gcr.io/v2/rollro/gcf/asia-northeast3/tags/list {"errors":[{"code":"NAME_UNKNOWN","message":"Repository \"asia.gcr.io\" not found"}]}
[debug] [2024-04-17T00:21:13.279Z] Failed docker command with error  HTTP Error: 404, Not Found {"name":"FirebaseError","children":[],"context":{"body":{"errors":[{"code":"NAME_UNKNOWN","message":"Repository \"asia.gcr.io\" not found"}],"error":{"message":"Not Found"}},"response":{"statusCode":404}},"exit":1,"message":"HTTP Error: 404, Not Found","status":404}
[debug] [2024-04-17T00:21:13.380Z] >>> [apiv2][query] GET https://asia.gcr.io/v2/rollro/gcf/asia-northeast3/tags/list [none]
[debug] [2024-04-17T00:21:13.562Z] <<< [apiv2][status] GET https://asia.gcr.io/v2/rollro/gcf/asia-northeast3/tags/list 404
[debug] [2024-04-17T00:21:13.562Z] <<< [apiv2][body] GET https://asia.gcr.io/v2/rollro/gcf/asia-northeast3/tags/list {"errors":[{"code":"NAME_UNKNOWN","message":"Repository \"asia.gcr.io\" not found"}]}
[debug] [2024-04-17T00:21:13.563Z] Failed docker command with error  HTTP Error: 404, Not Found {"name":"FirebaseError","children":[],"context":{"body":{"errors":[{"code":"NAME_UNKNOWN","message":"Repository \"asia.gcr.io\" not found"}],"error":{"message":"Not Found"}},"response":{"statusCode":404}},"exit":1,"message":"HTTP Error: 404, Not Found","status":404}
[warn] ⚠  functions: Unhandled error cleaning up build images. This could result in a small monthly bill if not corrected. You can attempt to delete these images by redeploying or you can delete them manually at https://console.cloud.google.com/gcr/images/rollro/asia/gcf 
[debug] [2024-04-17T00:21:13.564Z] Functions deploy failed.
[debug] [2024-04-17T00:21:13.564Z] {
  "endpoint": {
    "id": "mapDirection15",
    "project": "rollro",
    "region": "asia-northeast3",
    "entryPoint": "mapDirection15",
    "platform": "gcfv1",
    "runtime": "nodejs18",
    "httpsTrigger": {},
    "ingressSettings": null,
    "availableMemoryMb": null,
    "serviceAccount": null,
    "timeoutSeconds": null,
    "maxInstances": null,
    "minInstances": null,
    "vpc": null,
    "environmentVariables": {
      "FIREBASE_CONFIG": "{\"projectId\":\"rollro\",\"storageBucket\":\"rollro.appspot.com\"}",
      "GCLOUD_PROJECT": "rollro",
      "EVENTARC_CLOUD_EVENT_SOURCE": "projects/rollro/locations/asia-northeast3/functions/mapDirection15"
    },
    "codebase": "default",
    "targetedByOnly": false,
    "hash": "6c9c37f512e4cc0f18192334db225215392a2ae2",
    "labels": {
      "deployment-tool": "cli-firebase"
    }
  },
  "op": "create",
  "original": {
    "name": "FirebaseError",
    "children": [],
    "exit": 1,
    "message": "Function failed on loading user code. This is likely due to a bug in the user code. Error message: Provided module can't be loaded.\nDid you list all required modules in the package.json dependencies?\nDetailed stack trace: Error: Cannot find module 'axios'\nRequire stack:\n- /workspace/lib/functions/mapDirection15.js\n- /workspace/lib/index.js\n- /layers/google.nodejs.functions-framework/functions-framework/node_modules/@google-cloud/functions-framework/build/src/loader.js\n- /layers/google.nodejs.functions-framework/functions-framework/node_modules/@google-cloud/functions-framework/build/src/main.js\n    at Module._resolveFilename (node:internal/modules/cjs/loader:1140:15)\n    at Module._load (node:internal/modules/cjs/loader:981:27)\n    at Module.require (node:internal/modules/cjs/loader:1231:19)\n    at require (node:internal/modules/helpers:177:18)\n    at Object.<anonymous> (/workspace/lib/functions/mapDirection15.js:5:17)\n    at Module._compile (node:internal/modules/cjs/loader:1364:14)\n    at Module._extensions..js (node:internal/modules/cjs/loader:1422:10)\n    at Module.load (node:internal/modules/cjs/loader:1203:32)\n    at Module._load (node:internal/modules/cjs/loader:1019:12)\n    at Module.require (node:internal/modules/cjs/loader:1231:19)\nCould not load the function, shutting down.. Please visit https://cloud.google.com/functions/docs/troubleshooting for in-depth troubleshooting documentation.",
    "status": 3,
    "code": 3
  }
}
[debug] [2024-04-17T00:21:13.653Z] Error: Failed to create function mapDirection15 in region asia-northeast3
    at /usr/local/lib/node_modules/firebase-tools/lib/deploy/functions/release/fabricator.js:51:11
    at process.processTicksAndRejections (node:internal/process/task_queues:95:5)
    at async Fabricator.createV1Function (/usr/local/lib/node_modules/firebase-tools/lib/deploy/functions/release/fabricator.js:181:32)
    at async Fabricator.createEndpoint (/usr/local/lib/node_modules/firebase-tools/lib/deploy/functions/release/fabricator.js:133:13)
    at async handle (/usr/local/lib/node_modules/firebase-tools/lib/deploy/functions/release/fabricator.js:88:17)
[error] 
[error] Error: There was an error deploying functions
